[2025-07-01 11:04:25] [INFO] Initializing test environment...
[2025-07-01 11:04:29] [ERROR] Fatal error during test execution: Failed to create test database: SQLSTATE[HY000] [2002] No connection could be made because the target machine actively refused it
[2025-07-01 11:04:29] [INFO] Cleaning up test environment...
[2025-07-01 11:06:09] [INFO] Initializing test environment...
[2025-07-01 11:06:09] [INFO] Test environment initialized successfully
[2025-07-01 11:06:09] [TEST] Starting test: Database Connection
[2025-07-01 11:06:09] [TEST] ✅ Database Connection - PASS
[2025-07-01 11:06:09] [TEST] Starting test: Table Structure
[2025-07-01 11:06:09] [TEST] ❌ Table Structure - FAIL (Users table should have 'email' column)
[2025-07-01 11:06:09] [TEST] Starting test: Foreign Key Constraints
[2025-07-01 11:06:09] [TEST] ❌ Foreign Key Constraints - FAIL (Foreign key constraint project_students.project_id -> projects should exist)
[2025-07-01 11:06:09] [TEST] Starting test: Unique Constraints
[2025-07-01 11:06:09] [TEST] ❌ Unique Constraints - FAIL (SQLSTATE[42S22]: Column not found: 1054 Unknown column 'email' in 'field list')
[2025-07-01 11:06:09] [TEST] Starting test: Database Triggers
[2025-07-01 11:06:09] [TEST] ❌ Database Triggers - FAIL (Invalid counselor ID)
[2025-07-01 11:06:09] [TEST] Starting test: Database Indexes
[2025-07-01 11:06:09] [TEST] ✅ Database Indexes - PASS
[2025-07-01 11:06:09] [TEST] Starting test: Data Integrity
[2025-07-01 11:06:09] [TEST] ❌ Data Integrity - FAIL (SQLSTATE[42S22]: Column not found: 1054 Unknown column 'name' in 'field list')
[2025-07-01 11:06:09] [INFO] Cleaning up test environment...
[2025-07-01 11:06:10] [INFO] Test environment cleaned up
[2025-07-01 11:14:10] [INFO] Initializing test environment...
[2025-07-01 11:14:10] [INFO] Test environment initialized successfully
[2025-07-01 11:14:10] [TEST] Starting test: Database Connection
[2025-07-01 11:14:10] [TEST] ✅ Database Connection - PASS
[2025-07-01 11:14:10] [TEST] Starting test: Table Structure
[2025-07-01 11:14:10] [TEST] ❌ Table Structure - FAIL (Users table should have 'email' column)
[2025-07-01 11:14:10] [TEST] Starting test: Foreign Key Constraints
[2025-07-01 11:14:10] [TEST] ❌ Foreign Key Constraints - FAIL (Foreign key constraint project_students.project_id -> projects should exist)
[2025-07-01 11:14:10] [TEST] Starting test: Unique Constraints
[2025-07-01 11:14:10] [TEST] ❌ Unique Constraints - FAIL (SQLSTATE[42S22]: Column not found: 1054 Unknown column 'email' in 'field list')
[2025-07-01 11:14:10] [TEST] Starting test: Database Triggers
[2025-07-01 11:14:10] [TEST] ❌ Database Triggers - FAIL (Invalid counselor ID)
[2025-07-01 11:14:10] [TEST] Starting test: Database Indexes
[2025-07-01 11:14:10] [TEST] ✅ Database Indexes - PASS
[2025-07-01 11:14:10] [TEST] Starting test: Data Integrity
[2025-07-01 11:14:10] [TEST] ❌ Data Integrity - FAIL (SQLSTATE[42S22]: Column not found: 1054 Unknown column 'name' in 'field list')
[2025-07-01 11:14:10] [ERROR] Error in test suite 'User Tests': SQLSTATE[42S22]: Column not found: 1054 Unknown column 'name' in 'field list'
[2025-07-01 11:14:10] [TEST] ❌ Data Integrity - FAIL (Test suite failed: SQLSTATE[42S22]: Column not found: 1054 Unknown column 'name' in 'field list')
[2025-07-01 11:14:10] [ERROR] Error in test suite 'Student Tests': SQLSTATE[42S22]: Column not found: 1054 Unknown column 'name' in 'field list'
[2025-07-01 11:14:10] [TEST] ❌ Data Integrity - FAIL (Test suite failed: SQLSTATE[42S22]: Column not found: 1054 Unknown column 'name' in 'field list')
[2025-07-01 11:14:10] [ERROR] Error in test suite 'Project Tests': SQLSTATE[42S22]: Column not found: 1054 Unknown column 'name' in 'field list'
[2025-07-01 11:14:10] [TEST] ❌ Data Integrity - FAIL (Test suite failed: SQLSTATE[42S22]: Column not found: 1054 Unknown column 'name' in 'field list')
[2025-07-01 11:14:10] [ERROR] Error in test suite 'Ready For Publication Tests': SQLSTATE[42S22]: Column not found: 1054 Unknown column 'name' in 'field list'
[2025-07-01 11:14:10] [TEST] ❌ Data Integrity - FAIL (Test suite failed: SQLSTATE[42S22]: Column not found: 1054 Unknown column 'name' in 'field list')
[2025-07-01 11:14:10] [ERROR] Error in test suite 'Integration Tests': SQLSTATE[42S22]: Column not found: 1054 Unknown column 'name' in 'field list'
[2025-07-01 11:14:10] [TEST] ❌ Data Integrity - FAIL (Test suite failed: SQLSTATE[42S22]: Column not found: 1054 Unknown column 'name' in 'field list')
[2025-07-01 11:14:10] [INFO] Cleaning up test environment...
[2025-07-01 11:14:10] [INFO] Test environment cleaned up
[2025-07-01 11:16:40] [INFO] Initializing test environment...
[2025-07-01 11:16:40] [INFO] Test environment initialized successfully
[2025-07-01 11:16:40] [TEST] Starting test: Database Connection
[2025-07-01 11:16:40] [TEST] ✅ Database Connection - PASS
[2025-07-01 11:16:40] [TEST] Starting test: Table Structure
[2025-07-01 11:16:40] [TEST] ❌ Table Structure - FAIL (Users table should have 'email' column)
[2025-07-01 11:16:40] [TEST] Starting test: Foreign Key Constraints
[2025-07-01 11:16:40] [TEST] ❌ Foreign Key Constraints - FAIL (Foreign key constraint students.board_id -> boards should exist)
[2025-07-01 11:16:40] [TEST] Starting test: Unique Constraints
[2025-07-01 11:16:40] [TEST] ❌ Unique Constraints - FAIL (SQLSTATE[42S22]: Column not found: 1054 Unknown column 'email' in 'field list')
[2025-07-01 11:16:40] [TEST] Starting test: Database Triggers
[2025-07-01 11:16:40] [TEST] ✅ Database Triggers - PASS
[2025-07-01 11:16:40] [TEST] Starting test: Database Indexes
[2025-07-01 11:16:40] [TEST] ✅ Database Indexes - PASS
[2025-07-01 11:16:40] [TEST] Starting test: Data Integrity
[2025-07-01 11:16:40] [TEST] ❌ Data Integrity - FAIL (SQLSTATE[42S22]: Column not found: 1054 Unknown column 'name' in 'field list')
[2025-07-01 11:16:40] [ERROR] Error in test suite 'User Tests': SQLSTATE[42S22]: Column not found: 1054 Unknown column 'name' in 'field list'
[2025-07-01 11:16:40] [TEST] ❌ Data Integrity - FAIL (Test suite failed: SQLSTATE[42S22]: Column not found: 1054 Unknown column 'name' in 'field list')
[2025-07-01 11:16:40] [ERROR] Error in test suite 'Student Tests': SQLSTATE[42S22]: Column not found: 1054 Unknown column 'name' in 'field list'
[2025-07-01 11:16:40] [TEST] ❌ Data Integrity - FAIL (Test suite failed: SQLSTATE[42S22]: Column not found: 1054 Unknown column 'name' in 'field list')
[2025-07-01 11:16:40] [ERROR] Error in test suite 'Project Tests': SQLSTATE[42S22]: Column not found: 1054 Unknown column 'name' in 'field list'
[2025-07-01 11:16:40] [TEST] ❌ Data Integrity - FAIL (Test suite failed: SQLSTATE[42S22]: Column not found: 1054 Unknown column 'name' in 'field list')
[2025-07-01 11:16:40] [ERROR] Error in test suite 'Ready For Publication Tests': SQLSTATE[42S22]: Column not found: 1054 Unknown column 'name' in 'field list'
[2025-07-01 11:16:40] [TEST] ❌ Data Integrity - FAIL (Test suite failed: SQLSTATE[42S22]: Column not found: 1054 Unknown column 'name' in 'field list')
[2025-07-01 11:16:40] [ERROR] Error in test suite 'Integration Tests': SQLSTATE[42S22]: Column not found: 1054 Unknown column 'name' in 'field list'
[2025-07-01 11:16:40] [TEST] ❌ Data Integrity - FAIL (Test suite failed: SQLSTATE[42S22]: Column not found: 1054 Unknown column 'name' in 'field list')
[2025-07-01 11:16:40] [INFO] Cleaning up test environment...
[2025-07-01 11:16:41] [INFO] Test environment cleaned up
[2025-07-01 11:18:41] [INFO] Initializing test environment...
[2025-07-01 11:18:41] [INFO] Test environment initialized successfully
[2025-07-01 11:18:41] [TEST] Starting test: Database Connection
[2025-07-01 11:18:41] [TEST] ✅ Database Connection - PASS
[2025-07-01 11:18:41] [TEST] Starting test: Table Structure
[2025-07-01 11:18:41] [TEST] ✅ Table Structure - PASS
[2025-07-01 11:18:41] [TEST] Starting test: Foreign Key Constraints
[2025-07-01 11:18:41] [TEST] ❌ Foreign Key Constraints - FAIL (Foreign key constraint students.board_id -> boards should exist)
[2025-07-01 11:18:41] [TEST] Starting test: Unique Constraints
[2025-07-01 11:18:41] [TEST] ❌ Unique Constraints - FAIL (Expected PDOException but got Exception)
[2025-07-01 11:18:41] [TEST] Starting test: Database Triggers
[2025-07-01 11:18:41] [TEST] ❌ Database Triggers - FAIL (Invalid board ID)
[2025-07-01 11:18:41] [TEST] Starting test: Database Indexes
[2025-07-01 11:18:41] [TEST] ✅ Database Indexes - PASS
[2025-07-01 11:18:41] [TEST] Starting test: Data Integrity
[2025-07-01 11:18:41] [TEST] ❌ Data Integrity - FAIL (SQLSTATE[42S22]: Column not found: 1054 Unknown column 'created_by' in 'field list')
[2025-07-01 11:18:41] [TEST] Starting test: User Creation
[2025-07-01 11:18:41] [TEST] ❌ User Creation - FAIL (User ID should be set after creation)
[2025-07-01 11:18:41] [TEST] Starting test: User Authentication
[2025-07-01 11:18:42] [TEST] ✅ User Authentication - PASS
[2025-07-01 11:18:42] [TEST] Starting test: User Update
[2025-07-01 11:18:42] [TEST] ❌ User Update - FAIL (Email should be updated. Expected: 'updated@example.com', Actual: '')
[2025-07-01 11:18:42] [TEST] Starting test: User Validation
[2025-07-01 11:18:42] [TEST] ✅ User Validation - PASS
[2025-07-01 11:18:42] [TEST] Starting test: User Deletion
[2025-07-01 11:18:42] [TEST] ✅ User Deletion - PASS
[2025-07-01 11:18:42] [TEST] Starting test: User Search
[2025-07-01 11:18:42] [INFO] Cleaning up test environment...
[2025-07-01 11:18:43] [INFO] Test environment cleaned up
[2025-07-01 11:20:10] [INFO] Initializing test environment...
[2025-07-01 11:20:10] [INFO] Test environment initialized successfully
[2025-07-01 11:20:10] [TEST] Starting test: Database Connection
[2025-07-01 11:20:10] [TEST] ✅ Database Connection - PASS
[2025-07-01 11:20:10] [TEST] Starting test: Table Structure
[2025-07-01 11:20:10] [TEST] ✅ Table Structure - PASS
[2025-07-01 11:20:10] [TEST] Starting test: Foreign Key Constraints
[2025-07-01 11:20:10] [TEST] ❌ Foreign Key Constraints - FAIL (Foreign key constraint students.board_id -> boards should exist)
[2025-07-01 11:20:10] [TEST] Starting test: Unique Constraints
[2025-07-01 11:20:10] [TEST] ❌ Unique Constraints - FAIL (Expected PDOException but got Exception)
[2025-07-01 11:20:10] [TEST] Starting test: Database Triggers
[2025-07-01 11:20:10] [TEST] ❌ Database Triggers - FAIL (Invalid board ID)
[2025-07-01 11:20:10] [TEST] Starting test: Database Indexes
[2025-07-01 11:20:10] [TEST] ✅ Database Indexes - PASS
[2025-07-01 11:20:10] [TEST] Starting test: Data Integrity
[2025-07-01 11:20:10] [TEST] ❌ Data Integrity - FAIL (Expected PDOException but got Exception)
[2025-07-01 11:20:10] [TEST] Starting test: User Creation
[2025-07-01 11:20:10] [TEST] ❌ User Creation - FAIL (User ID should be set after creation)
[2025-07-01 11:20:10] [TEST] Starting test: User Authentication
[2025-07-01 11:20:10] [TEST] ✅ User Authentication - PASS
[2025-07-01 11:20:10] [TEST] Starting test: User Update
[2025-07-01 11:20:10] [TEST] ✅ User Update - PASS
[2025-07-01 11:20:10] [TEST] Starting test: User Validation
[2025-07-01 11:20:11] [TEST] ✅ User Validation - PASS
[2025-07-01 11:20:11] [TEST] Starting test: User Deletion
[2025-07-01 11:20:11] [TEST] ✅ User Deletion - PASS
[2025-07-01 11:20:11] [TEST] Starting test: User Search
[2025-07-01 11:20:11] [TEST] ✅ User Search - PASS
[2025-07-01 11:20:11] [TEST] Starting test: User Roles
[2025-07-01 11:20:11] [TEST] ✅ User Roles - PASS
[2025-07-01 11:20:11] [TEST] Starting test: Student Creation
[2025-07-01 11:20:11] [TEST] ✅ Student Creation - PASS
[2025-07-01 11:20:11] [TEST] Starting test: Student ID Generation
[2025-07-01 11:20:11] [TEST] ✅ Student ID Generation - PASS
[2025-07-01 11:20:11] [TEST] Starting test: Student Update
[2025-07-01 11:20:11] [TEST] ✅ Student Update - PASS
[2025-07-01 11:20:11] [TEST] Starting test: Student Validation
[2025-07-01 11:20:11] [TEST] ✅ Student Validation - PASS
[2025-07-01 11:20:11] [TEST] Starting test: Student Deletion
[2025-07-01 11:20:11] [TEST] ✅ Student Deletion - PASS
[2025-07-01 11:20:11] [TEST] Starting test: Student Search
[2025-07-01 11:20:11] [INFO] Cleaning up test environment...
[2025-07-01 11:20:11] [INFO] Test environment cleaned up
[2025-07-01 11:20:55] [INFO] Initializing test environment...
[2025-07-01 11:20:55] [INFO] Test environment initialized successfully
[2025-07-01 11:20:55] [TEST] Starting test: Database Connection
[2025-07-01 11:20:55] [TEST] ✅ Database Connection - PASS
[2025-07-01 11:20:55] [TEST] Starting test: Table Structure
[2025-07-01 11:20:55] [TEST] ✅ Table Structure - PASS
[2025-07-01 11:20:55] [TEST] Starting test: Foreign Key Constraints
[2025-07-01 11:20:55] [TEST] ❌ Foreign Key Constraints - FAIL (Foreign key constraint students.board_id -> boards should exist)
[2025-07-01 11:20:55] [TEST] Starting test: Unique Constraints
[2025-07-01 11:20:55] [TEST] ❌ Unique Constraints - FAIL (Expected PDOException but got Exception)
[2025-07-01 11:20:55] [TEST] Starting test: Database Triggers
[2025-07-01 11:20:55] [TEST] ❌ Database Triggers - FAIL (Invalid board ID)
[2025-07-01 11:20:55] [TEST] Starting test: Database Indexes
[2025-07-01 11:20:55] [TEST] ✅ Database Indexes - PASS
[2025-07-01 11:20:55] [TEST] Starting test: Data Integrity
[2025-07-01 11:20:55] [TEST] ❌ Data Integrity - FAIL (Expected PDOException but got Exception)
[2025-07-01 11:20:55] [TEST] Starting test: User Creation
[2025-07-01 11:20:55] [TEST] ❌ User Creation - FAIL (User ID should be set after creation)
[2025-07-01 11:20:55] [TEST] Starting test: User Authentication
[2025-07-01 11:20:56] [TEST] ✅ User Authentication - PASS
[2025-07-01 11:20:56] [TEST] Starting test: User Update
[2025-07-01 11:20:56] [TEST] ✅ User Update - PASS
[2025-07-01 11:20:56] [TEST] Starting test: User Validation
[2025-07-01 11:20:56] [TEST] ✅ User Validation - PASS
[2025-07-01 11:20:56] [TEST] Starting test: User Deletion
[2025-07-01 11:20:56] [TEST] ✅ User Deletion - PASS
[2025-07-01 11:20:56] [TEST] Starting test: User Search
[2025-07-01 11:20:56] [TEST] ✅ User Search - PASS
[2025-07-01 11:20:56] [TEST] Starting test: User Roles
[2025-07-01 11:20:56] [TEST] ✅ User Roles - PASS
[2025-07-01 11:20:56] [TEST] Starting test: Student Creation
[2025-07-01 11:20:56] [TEST] ✅ Student Creation - PASS
[2025-07-01 11:20:56] [TEST] Starting test: Student ID Generation
[2025-07-01 11:20:56] [TEST] ✅ Student ID Generation - PASS
[2025-07-01 11:20:56] [TEST] Starting test: Student Update
[2025-07-01 11:20:56] [TEST] ✅ Student Update - PASS
[2025-07-01 11:20:56] [TEST] Starting test: Student Validation
[2025-07-01 11:20:56] [TEST] ✅ Student Validation - PASS
[2025-07-01 11:20:56] [TEST] Starting test: Student Deletion
[2025-07-01 11:20:56] [TEST] ✅ Student Deletion - PASS
[2025-07-01 11:20:56] [TEST] Starting test: Student Search
[2025-07-01 11:20:56] [TEST] ✅ Student Search - PASS
[2025-07-01 11:20:56] [TEST] Starting test: Student Assignments
[2025-07-01 11:20:56] [TEST] ❌ Student Assignments - FAIL (Counselor assignment should be correct. Expected: '11', Actual: '11')
[2025-07-01 11:20:56] [TEST] Starting test: Project Creation
[2025-07-01 11:20:57] [TEST] ✅ Project Creation - PASS
[2025-07-01 11:20:57] [TEST] Starting test: Project ID Generation
[2025-07-01 11:20:57] [TEST] ✅ Project ID Generation - PASS
[2025-07-01 11:20:57] [TEST] Starting test: Project Update
[2025-07-01 11:20:57] [TEST] ✅ Project Update - PASS
[2025-07-01 11:20:57] [TEST] Starting test: Project Validation
[2025-07-01 11:20:57] [TEST] ❌ Project Validation - FAIL (Expected PDOException but got Exception)
[2025-07-01 11:20:57] [TEST] Starting test: Project Deletion
[2025-07-01 11:20:57] [TEST] ✅ Project Deletion - PASS
[2025-07-01 11:20:57] [TEST] Starting test: Project Student Assignment
[2025-07-01 11:20:57] [TEST] ✅ Project Student Assignment - PASS
[2025-07-01 11:20:57] [TEST] Starting test: Project Mentor Assignment
[2025-07-01 11:20:57] [TEST] ❌ Project Mentor Assignment - FAIL (Lead mentor should be assigned correctly. Expected: '13', Actual: '13')
[2025-07-01 11:20:57] [TEST] Starting test: Project Status Management
[2025-07-01 11:20:57] [TEST] ✅ Project Status Management - PASS
[2025-07-01 11:20:57] [TEST] Starting test: Publication Creation
[2025-07-01 11:20:57] [TEST] ❌ Publication Creation - FAIL (SQLSTATE[23000]: Integrity constraint violation: 1452 Cannot add or update a child row: a foreign key constraint fails (`research_apps_db`.`ready_for_publication`, CONSTRAINT `fk_ready_publication_project` FOREIGN KEY (`project_id`) REFERENCES `projects` (`id`) ON DELETE CASCADE))
[2025-07-01 11:20:57] [TEST] Starting test: Create From Project
[2025-07-01 11:20:57] [TEST] ❌ Create From Project - FAIL (Project not found)
[2025-07-01 11:20:57] [TEST] Starting test: Duplicate Project Prevention
[2025-07-01 11:20:57] [TEST] ❌ Duplicate Project Prevention - FAIL (Project not found)
[2025-07-01 11:20:57] [TEST] Starting test: Publication Update
[2025-07-01 11:20:57] [TEST] ❌ Publication Update - FAIL (Project not found)
[2025-07-01 11:20:57] [TEST] Starting test: Student Assignments
[2025-07-01 11:20:57] [TEST] ❌ Student Assignments - FAIL (Project not found)
[2025-07-01 11:20:57] [TEST] Starting test: Status Validation
[2025-07-01 11:20:57] [TEST] ❌ Status Validation - FAIL (Project not found)
[2025-07-01 11:20:57] [TEST] Starting test: Publication Deletion
[2025-07-01 11:20:57] [TEST] ❌ Publication Deletion - FAIL (Project not found)
[2025-07-01 11:20:57] [TEST] Starting test: Statistics Generation
[2025-07-01 11:20:57] [TEST] ❌ Statistics Generation - FAIL (Project not found)
[2025-07-01 11:20:57] [TEST] Starting test: Complete Project Workflow
[2025-07-01 11:20:57] [TEST] ❌ Complete Project Workflow - FAIL (Project not found)
[2025-07-01 11:20:57] [TEST] Starting test: Publication Workflow
[2025-07-01 11:20:57] [TEST] ❌ Publication Workflow - FAIL (Project not found)
[2025-07-01 11:20:57] [TEST] Starting test: User Role Permissions
[2025-07-01 11:20:58] [TEST] ❌ User Role Permissions - FAIL (Mentor should be assigned to project. Expected: '19', Actual: '19')
[2025-07-01 11:20:58] [TEST] Starting test: Student Project Assignment
[2025-07-01 11:20:58] [TEST] ✅ Student Project Assignment - PASS
[2025-07-01 11:20:58] [TEST] Starting test: Mentor Student Relationship
[2025-07-01 11:20:58] [TEST] ✅ Mentor Student Relationship - PASS
[2025-07-01 11:20:58] [TEST] Starting test: Data Consistency Across Modules
[2025-07-01 11:20:58] [TEST] ❌ Data Consistency Across Modules - FAIL (Project not found)
[2025-07-01 11:20:58] [TEST] Starting test: Cascading Operations
[2025-07-01 11:20:58] [TEST] ❌ Cascading Operations - FAIL (Project not found)
[2025-07-01 11:20:58] [INFO] Cleaning up test environment...
[2025-07-01 11:20:59] [INFO] Test environment cleaned up
[2025-07-01 11:28:07] [INFO] Initializing test environment...
[2025-07-01 11:28:07] [INFO] Test environment initialized successfully
[2025-07-01 11:28:07] [TEST] Starting test: Database Connection
[2025-07-01 11:28:07] [TEST] ✅ Database Connection - PASS
[2025-07-01 11:28:07] [TEST] Starting test: Table Structure
[2025-07-01 11:28:07] [TEST] ✅ Table Structure - PASS
[2025-07-01 11:28:07] [TEST] Starting test: Foreign Key Constraints
[2025-07-01 11:28:07] [TEST] ❌ Foreign Key Constraints - FAIL (Foreign key constraint students.board_id -> boards should exist)
[2025-07-01 11:28:07] [TEST] Starting test: Unique Constraints
[2025-07-01 11:28:07] [TEST] ❌ Unique Constraints - FAIL (Expected PDOException but got Exception)
[2025-07-01 11:28:07] [TEST] Starting test: Database Triggers
[2025-07-01 11:28:07] [TEST] ❌ Database Triggers - FAIL (Invalid board ID)
[2025-07-01 11:28:07] [TEST] Starting test: Database Indexes
[2025-07-01 11:28:07] [TEST] ✅ Database Indexes - PASS
[2025-07-01 11:28:07] [TEST] Starting test: Data Integrity
[2025-07-01 11:28:08] [TEST] ❌ Data Integrity - FAIL (Expected PDOException but got Exception)
[2025-07-01 11:28:08] [TEST] Starting test: User Creation
[2025-07-01 11:28:08] [TEST] ❌ User Creation - FAIL (User ID should be set after creation)
[2025-07-01 11:28:08] [TEST] Starting test: User Authentication
[2025-07-01 11:28:08] [TEST] ✅ User Authentication - PASS
[2025-07-01 11:28:08] [TEST] Starting test: User Update
[2025-07-01 11:28:08] [TEST] ✅ User Update - PASS
[2025-07-01 11:28:08] [TEST] Starting test: User Validation
[2025-07-01 11:28:08] [TEST] ✅ User Validation - PASS
[2025-07-01 11:28:08] [TEST] Starting test: User Deletion
[2025-07-01 11:28:08] [TEST] ✅ User Deletion - PASS
[2025-07-01 11:28:08] [TEST] Starting test: User Search
[2025-07-01 11:28:08] [TEST] ✅ User Search - PASS
[2025-07-01 11:28:08] [TEST] Starting test: User Roles
[2025-07-01 11:28:08] [TEST] ✅ User Roles - PASS
[2025-07-01 11:28:08] [TEST] Starting test: Student Creation
[2025-07-01 11:28:08] [TEST] ✅ Student Creation - PASS
[2025-07-01 11:28:08] [TEST] Starting test: Student ID Generation
[2025-07-01 11:28:08] [TEST] ✅ Student ID Generation - PASS
[2025-07-01 11:28:08] [TEST] Starting test: Student Update
[2025-07-01 11:28:08] [TEST] ✅ Student Update - PASS
[2025-07-01 11:28:08] [TEST] Starting test: Student Validation
[2025-07-01 11:28:08] [TEST] ✅ Student Validation - PASS
[2025-07-01 11:28:08] [TEST] Starting test: Student Deletion
[2025-07-01 11:28:08] [TEST] ✅ Student Deletion - PASS
[2025-07-01 11:28:08] [TEST] Starting test: Student Search
[2025-07-01 11:28:08] [TEST] ✅ Student Search - PASS
[2025-07-01 11:28:08] [TEST] Starting test: Student Assignments
[2025-07-01 11:28:09] [TEST] ❌ Student Assignments - FAIL (Counselor assignment should be correct. Expected: '11', Actual: '11')
[2025-07-01 11:28:09] [TEST] Starting test: Project Creation
[2025-07-01 11:28:09] [TEST] ✅ Project Creation - PASS
[2025-07-01 11:28:09] [TEST] Starting test: Project ID Generation
[2025-07-01 11:28:09] [TEST] ✅ Project ID Generation - PASS
[2025-07-01 11:28:09] [TEST] Starting test: Project Update
[2025-07-01 11:28:09] [TEST] ✅ Project Update - PASS
[2025-07-01 11:28:09] [TEST] Starting test: Project Validation
[2025-07-01 11:28:09] [TEST] ❌ Project Validation - FAIL (Expected PDOException but got Exception)
[2025-07-01 11:28:09] [TEST] Starting test: Project Deletion
[2025-07-01 11:28:09] [TEST] ✅ Project Deletion - PASS
[2025-07-01 11:28:09] [TEST] Starting test: Project Student Assignment
[2025-07-01 11:28:09] [TEST] ✅ Project Student Assignment - PASS
[2025-07-01 11:28:09] [TEST] Starting test: Project Mentor Assignment
[2025-07-01 11:28:09] [TEST] ❌ Project Mentor Assignment - FAIL (Lead mentor should be assigned correctly. Expected: '13', Actual: '13')
[2025-07-01 11:28:09] [TEST] Starting test: Project Status Management
[2025-07-01 11:28:09] [TEST] ✅ Project Status Management - PASS
[2025-07-01 11:28:09] [TEST] Starting test: Publication Creation
[2025-07-01 11:28:09] [TEST] ❌ Publication Creation - FAIL (SQLSTATE[23000]: Integrity constraint violation: 1452 Cannot add or update a child row: a foreign key constraint fails (`research_apps_db`.`ready_for_publication`, CONSTRAINT `fk_ready_publication_project` FOREIGN KEY (`project_id`) REFERENCES `projects` (`id`) ON DELETE CASCADE))
[2025-07-01 11:28:09] [TEST] Starting test: Create From Project
[2025-07-01 11:28:09] [TEST] ❌ Create From Project - FAIL (Project not found)
[2025-07-01 11:28:09] [TEST] Starting test: Duplicate Project Prevention
[2025-07-01 11:28:09] [TEST] ❌ Duplicate Project Prevention - FAIL (Project not found)
[2025-07-01 11:28:09] [TEST] Starting test: Publication Update
[2025-07-01 11:28:09] [TEST] ❌ Publication Update - FAIL (Project not found)
[2025-07-01 11:28:09] [TEST] Starting test: Student Assignments
[2025-07-01 11:28:09] [TEST] ❌ Student Assignments - FAIL (Project not found)
[2025-07-01 11:28:09] [TEST] Starting test: Status Validation
[2025-07-01 11:28:09] [TEST] ❌ Status Validation - FAIL (Project not found)
[2025-07-01 11:28:09] [TEST] Starting test: Publication Deletion
[2025-07-01 11:28:09] [TEST] ❌ Publication Deletion - FAIL (Project not found)
[2025-07-01 11:28:09] [TEST] Starting test: Statistics Generation
[2025-07-01 11:28:09] [TEST] ❌ Statistics Generation - FAIL (Project not found)
[2025-07-01 11:28:09] [TEST] Starting test: Complete Project Workflow
[2025-07-01 11:28:09] [TEST] ❌ Complete Project Workflow - FAIL (Project not found)
[2025-07-01 11:28:09] [TEST] Starting test: Publication Workflow
[2025-07-01 11:28:09] [TEST] ❌ Publication Workflow - FAIL (Project not found)
[2025-07-01 11:28:09] [TEST] Starting test: User Role Permissions
[2025-07-01 11:28:10] [TEST] ❌ User Role Permissions - FAIL (Mentor should be assigned to project. Expected: '19', Actual: '19')
[2025-07-01 11:28:10] [TEST] Starting test: Student Project Assignment
[2025-07-01 11:28:10] [TEST] ✅ Student Project Assignment - PASS
[2025-07-01 11:28:10] [TEST] Starting test: Mentor Student Relationship
[2025-07-01 11:28:10] [TEST] ✅ Mentor Student Relationship - PASS
[2025-07-01 11:28:10] [TEST] Starting test: Data Consistency Across Modules
[2025-07-01 11:28:10] [TEST] ❌ Data Consistency Across Modules - FAIL (Project not found)
[2025-07-01 11:28:10] [TEST] Starting test: Cascading Operations
[2025-07-01 11:28:10] [TEST] ❌ Cascading Operations - FAIL (Project not found)
[2025-07-01 11:28:10] [INFO] Cleaning up test environment...
[2025-07-01 11:28:10] [INFO] Test environment cleaned up
[2025-07-01 11:31:50] [INFO] Initializing test environment...
[2025-07-01 11:31:50] [INFO] Test environment initialized successfully
[2025-07-01 11:31:50] [TEST] Starting test: Database Connection
[2025-07-01 11:31:50] [TEST] ✅ Database Connection - PASS
[2025-07-01 11:31:50] [TEST] Starting test: Table Structure
[2025-07-01 11:31:50] [TEST] ✅ Table Structure - PASS
[2025-07-01 11:31:50] [TEST] Starting test: Foreign Key Constraints
[2025-07-01 11:31:50] [TEST] ❌ Foreign Key Constraints - FAIL (Foreign key constraint students.board_id -> boards should exist)
[2025-07-01 11:31:50] [TEST] Starting test: Unique Constraints
[2025-07-01 11:31:50] [TEST] ❌ Unique Constraints - FAIL (Expected PDOException but got Exception)
[2025-07-01 11:31:50] [TEST] Starting test: Database Triggers
[2025-07-01 11:31:50] [TEST] ❌ Database Triggers - FAIL (Invalid board ID)
[2025-07-01 11:31:50] [TEST] Starting test: Database Indexes
[2025-07-01 11:31:50] [TEST] ✅ Database Indexes - PASS
[2025-07-01 11:31:50] [TEST] Starting test: Data Integrity
[2025-07-01 11:31:50] [TEST] ❌ Data Integrity - FAIL (Expected PDOException but got Exception)
[2025-07-01 11:31:50] [TEST] Starting test: User Creation
[2025-07-01 11:31:50] [TEST] ✅ User Creation - PASS
[2025-07-01 11:31:50] [TEST] Starting test: User Authentication
[2025-07-01 11:31:50] [TEST] ✅ User Authentication - PASS
[2025-07-01 11:31:50] [TEST] Starting test: User Update
[2025-07-01 11:31:51] [TEST] ✅ User Update - PASS
[2025-07-01 11:31:51] [TEST] Starting test: User Validation
[2025-07-01 11:31:51] [TEST] ✅ User Validation - PASS
[2025-07-01 11:31:51] [TEST] Starting test: User Deletion
[2025-07-01 11:31:51] [TEST] ✅ User Deletion - PASS
[2025-07-01 11:31:51] [TEST] Starting test: User Search
[2025-07-01 11:31:51] [TEST] ✅ User Search - PASS
[2025-07-01 11:31:51] [TEST] Starting test: User Roles
[2025-07-01 11:31:51] [TEST] ✅ User Roles - PASS
[2025-07-01 11:31:51] [TEST] Starting test: Student Creation
[2025-07-01 11:31:51] [TEST] ✅ Student Creation - PASS
[2025-07-01 11:31:51] [TEST] Starting test: Student ID Generation
[2025-07-01 11:31:51] [TEST] ✅ Student ID Generation - PASS
[2025-07-01 11:31:51] [TEST] Starting test: Student Update
[2025-07-01 11:31:51] [TEST] ✅ Student Update - PASS
[2025-07-01 11:31:51] [TEST] Starting test: Student Validation
[2025-07-01 11:31:51] [TEST] ✅ Student Validation - PASS
[2025-07-01 11:31:51] [TEST] Starting test: Student Deletion
[2025-07-01 11:31:51] [TEST] ✅ Student Deletion - PASS
[2025-07-01 11:31:51] [TEST] Starting test: Student Search
[2025-07-01 11:31:51] [TEST] ✅ Student Search - PASS
[2025-07-01 11:31:51] [TEST] Starting test: Student Assignments
[2025-07-01 11:31:51] [TEST] ❌ Student Assignments - FAIL (Counselor assignment should be correct. Expected: '12', Actual: '12')
[2025-07-01 11:31:51] [TEST] Starting test: Project Creation
[2025-07-01 11:31:51] [TEST] ✅ Project Creation - PASS
[2025-07-01 11:31:51] [TEST] Starting test: Project ID Generation
[2025-07-01 11:31:51] [TEST] ✅ Project ID Generation - PASS
[2025-07-01 11:31:51] [TEST] Starting test: Project Update
[2025-07-01 11:31:51] [TEST] ✅ Project Update - PASS
[2025-07-01 11:31:51] [TEST] Starting test: Project Validation
[2025-07-01 11:31:51] [TEST] ❌ Project Validation - FAIL (Expected PDOException but got Exception)
[2025-07-01 11:31:51] [TEST] Starting test: Project Deletion
[2025-07-01 11:31:51] [TEST] ❌ Project Deletion - FAIL (Deleted project should not exist. Expected: '0', Actual: '0')
[2025-07-01 11:31:51] [TEST] Starting test: Project Student Assignment
[2025-07-01 11:31:51] [TEST] ❌ Project Student Assignment - FAIL (Project should have 2 assigned students. Expected: '2', Actual: '2')
[2025-07-01 11:31:51] [TEST] Starting test: Project Mentor Assignment
[2025-07-01 11:31:51] [TEST] ❌ Project Mentor Assignment - FAIL (Lead mentor should be assigned correctly. Expected: '14', Actual: '14')
[2025-07-01 11:31:51] [TEST] Starting test: Project Status Management
[2025-07-01 11:31:51] [TEST] ❌ Project Status Management - FAIL (Project status should be updated. Expected: '2', Actual: '2')
[2025-07-01 11:31:51] [TEST] Starting test: Publication Creation
[2025-07-01 11:31:51] [TEST] ❌ Publication Creation - FAIL (SQLSTATE[23000]: Integrity constraint violation: 1452 Cannot add or update a child row: a foreign key constraint fails (`research_apps_db`.`ready_for_publication`, CONSTRAINT `fk_ready_publication_project` FOREIGN KEY (`project_id`) REFERENCES `projects` (`id`) ON DELETE CASCADE))
[2025-07-01 11:31:51] [TEST] Starting test: Create From Project
[2025-07-01 11:31:51] [TEST] ❌ Create From Project - FAIL (Project not found)
[2025-07-01 11:31:51] [TEST] Starting test: Duplicate Project Prevention
[2025-07-01 11:31:51] [TEST] ❌ Duplicate Project Prevention - FAIL (Project not found)
[2025-07-01 11:31:51] [TEST] Starting test: Publication Update
[2025-07-01 11:31:51] [TEST] ❌ Publication Update - FAIL (Project not found)
[2025-07-01 11:31:52] [TEST] Starting test: Student Assignments
[2025-07-01 11:31:52] [TEST] ❌ Student Assignments - FAIL (Project not found)
[2025-07-01 11:31:52] [TEST] Starting test: Status Validation
[2025-07-01 11:31:52] [TEST] ❌ Status Validation - FAIL (Project not found)
[2025-07-01 11:31:52] [TEST] Starting test: Publication Deletion
[2025-07-01 11:31:52] [TEST] ❌ Publication Deletion - FAIL (Project not found)
[2025-07-01 11:31:52] [TEST] Starting test: Statistics Generation
[2025-07-01 11:31:52] [TEST] ❌ Statistics Generation - FAIL (Project not found)
[2025-07-01 11:31:52] [TEST] Starting test: Complete Project Workflow
[2025-07-01 11:31:52] [TEST] ❌ Complete Project Workflow - FAIL (Project not found)
[2025-07-01 11:31:52] [TEST] Starting test: Publication Workflow
[2025-07-01 11:31:52] [TEST] ❌ Publication Workflow - FAIL (Project not found)
[2025-07-01 11:31:52] [TEST] Starting test: User Role Permissions
[2025-07-01 11:31:52] [TEST] ❌ User Role Permissions - FAIL (Mentor should be assigned to project. Expected: '20', Actual: '20')
[2025-07-01 11:31:52] [TEST] Starting test: Student Project Assignment
[2025-07-01 11:31:52] [TEST] ✅ Student Project Assignment - PASS
[2025-07-01 11:31:52] [TEST] Starting test: Mentor Student Relationship
[2025-07-01 11:31:52] [TEST] ✅ Mentor Student Relationship - PASS
[2025-07-01 11:31:52] [TEST] Starting test: Data Consistency Across Modules
[2025-07-01 11:31:53] [TEST] ❌ Data Consistency Across Modules - FAIL (Project not found)
[2025-07-01 11:31:53] [TEST] Starting test: Cascading Operations
[2025-07-01 11:31:53] [TEST] ❌ Cascading Operations - FAIL (Project not found)
[2025-07-01 11:31:53] [INFO] Cleaning up test environment...
[2025-07-01 11:31:53] [INFO] Test environment cleaned up
[2025-07-01 11:32:41] [INFO] Initializing test environment...
[2025-07-01 11:32:41] [INFO] Test environment initialized successfully
[2025-07-01 11:32:41] [TEST] Starting test: Database Connection
[2025-07-01 11:32:41] [TEST] ✅ Database Connection - PASS
[2025-07-01 11:32:41] [TEST] Starting test: Table Structure
[2025-07-01 11:32:41] [TEST] ✅ Table Structure - PASS
[2025-07-01 11:32:41] [TEST] Starting test: Foreign Key Constraints
[2025-07-01 11:32:41] [TEST] ❌ Foreign Key Constraints - FAIL (Foreign key constraint students.board_id -> boards should exist)
[2025-07-01 11:32:41] [TEST] Starting test: Unique Constraints
[2025-07-01 11:32:41] [TEST] ❌ Unique Constraints - FAIL (Expected PDOException but got Exception)
[2025-07-01 11:32:41] [TEST] Starting test: Database Triggers
[2025-07-01 11:32:41] [TEST] ❌ Database Triggers - FAIL (Invalid board ID)
[2025-07-01 11:32:41] [TEST] Starting test: Database Indexes
[2025-07-01 11:32:41] [TEST] ✅ Database Indexes - PASS
[2025-07-01 11:32:41] [TEST] Starting test: Data Integrity
[2025-07-01 11:32:41] [TEST] ❌ Data Integrity - FAIL (Expected PDOException but got Exception)
[2025-07-01 11:32:41] [TEST] Starting test: User Creation
[2025-07-01 11:32:41] [TEST] ✅ User Creation - PASS
[2025-07-01 11:32:41] [TEST] Starting test: User Authentication
[2025-07-01 11:32:42] [TEST] ✅ User Authentication - PASS
[2025-07-01 11:32:42] [TEST] Starting test: User Update
[2025-07-01 11:32:42] [TEST] ✅ User Update - PASS
[2025-07-01 11:32:42] [TEST] Starting test: User Validation
[2025-07-01 11:32:42] [TEST] ✅ User Validation - PASS
[2025-07-01 11:32:42] [TEST] Starting test: User Deletion
[2025-07-01 11:32:42] [TEST] ✅ User Deletion - PASS
[2025-07-01 11:32:42] [TEST] Starting test: User Search
[2025-07-01 11:32:42] [TEST] ✅ User Search - PASS
[2025-07-01 11:32:42] [TEST] Starting test: User Roles
[2025-07-01 11:32:42] [TEST] ✅ User Roles - PASS
[2025-07-01 11:32:42] [TEST] Starting test: Student Creation
[2025-07-01 11:32:42] [TEST] ✅ Student Creation - PASS
[2025-07-01 11:32:42] [TEST] Starting test: Student ID Generation
[2025-07-01 11:32:42] [TEST] ✅ Student ID Generation - PASS
[2025-07-01 11:32:42] [TEST] Starting test: Student Update
[2025-07-01 11:32:42] [TEST] ✅ Student Update - PASS
[2025-07-01 11:32:42] [TEST] Starting test: Student Validation
[2025-07-01 11:32:42] [TEST] ✅ Student Validation - PASS
[2025-07-01 11:32:42] [TEST] Starting test: Student Deletion
[2025-07-01 11:32:42] [TEST] ✅ Student Deletion - PASS
[2025-07-01 11:32:42] [TEST] Starting test: Student Search
[2025-07-01 11:32:42] [TEST] ✅ Student Search - PASS
[2025-07-01 11:32:42] [TEST] Starting test: Student Assignments
[2025-07-01 11:32:42] [TEST] ❌ Student Assignments - FAIL (Counselor assignment should be correct. Expected: '12' (type: string, len: 2), Actual: '12' (type: integer, len: N/A))
[2025-07-01 11:32:42] [TEST] Starting test: Project Creation
[2025-07-01 11:32:42] [TEST] ✅ Project Creation - PASS
[2025-07-01 11:32:42] [TEST] Starting test: Project ID Generation
[2025-07-01 11:32:42] [TEST] ✅ Project ID Generation - PASS
[2025-07-01 11:32:42] [TEST] Starting test: Project Update
[2025-07-01 11:32:42] [TEST] ✅ Project Update - PASS
[2025-07-01 11:32:42] [TEST] Starting test: Project Validation
[2025-07-01 11:32:42] [TEST] ❌ Project Validation - FAIL (Expected PDOException but got Exception)
[2025-07-01 11:32:42] [TEST] Starting test: Project Deletion
[2025-07-01 11:32:42] [TEST] ❌ Project Deletion - FAIL (Deleted project should not exist. Expected: '0' (type: string, len: 1), Actual: '0' (type: integer, len: N/A))
[2025-07-01 11:32:42] [TEST] Starting test: Project Student Assignment
[2025-07-01 11:32:42] [TEST] ❌ Project Student Assignment - FAIL (Project should have 2 assigned students. Expected: '2' (type: string, len: 1), Actual: '2' (type: integer, len: N/A))
[2025-07-01 11:32:42] [TEST] Starting test: Project Mentor Assignment
[2025-07-01 11:32:43] [TEST] ❌ Project Mentor Assignment - FAIL (Lead mentor should be assigned correctly. Expected: '14' (type: string, len: 2), Actual: '14' (type: integer, len: N/A))
[2025-07-01 11:32:43] [TEST] Starting test: Project Status Management
[2025-07-01 11:32:43] [TEST] ❌ Project Status Management - FAIL (Project status should be updated. Expected: '2' (type: string, len: 1), Actual: '2' (type: integer, len: N/A))
[2025-07-01 11:32:43] [TEST] Starting test: Publication Creation
[2025-07-01 11:32:43] [TEST] ❌ Publication Creation - FAIL (SQLSTATE[23000]: Integrity constraint violation: 1452 Cannot add or update a child row: a foreign key constraint fails (`research_apps_db`.`ready_for_publication`, CONSTRAINT `fk_ready_publication_project` FOREIGN KEY (`project_id`) REFERENCES `projects` (`id`) ON DELETE CASCADE))
[2025-07-01 11:32:43] [TEST] Starting test: Create From Project
[2025-07-01 11:32:43] [TEST] ❌ Create From Project - FAIL (Project not found)
[2025-07-01 11:32:43] [TEST] Starting test: Duplicate Project Prevention
[2025-07-01 11:32:43] [TEST] ❌ Duplicate Project Prevention - FAIL (Project not found)
[2025-07-01 11:32:43] [TEST] Starting test: Publication Update
[2025-07-01 11:32:43] [TEST] ❌ Publication Update - FAIL (Project not found)
[2025-07-01 11:32:43] [TEST] Starting test: Student Assignments
[2025-07-01 11:32:43] [TEST] ❌ Student Assignments - FAIL (Project not found)
[2025-07-01 11:32:43] [TEST] Starting test: Status Validation
[2025-07-01 11:32:43] [TEST] ❌ Status Validation - FAIL (Project not found)
[2025-07-01 11:32:43] [TEST] Starting test: Publication Deletion
[2025-07-01 11:32:43] [TEST] ❌ Publication Deletion - FAIL (Project not found)
[2025-07-01 11:32:43] [TEST] Starting test: Statistics Generation
[2025-07-01 11:32:43] [TEST] ❌ Statistics Generation - FAIL (Project not found)
[2025-07-01 11:32:43] [TEST] Starting test: Complete Project Workflow
[2025-07-01 11:32:43] [TEST] ❌ Complete Project Workflow - FAIL (Project not found)
[2025-07-01 11:32:43] [TEST] Starting test: Publication Workflow
[2025-07-01 11:32:43] [TEST] ❌ Publication Workflow - FAIL (Project not found)
[2025-07-01 11:32:43] [TEST] Starting test: User Role Permissions
[2025-07-01 11:32:43] [TEST] ❌ User Role Permissions - FAIL (Mentor should be assigned to project. Expected: '20' (type: string, len: 2), Actual: '20' (type: integer, len: N/A))
[2025-07-01 11:32:43] [TEST] Starting test: Student Project Assignment
[2025-07-01 11:32:43] [TEST] ✅ Student Project Assignment - PASS
[2025-07-01 11:32:43] [TEST] Starting test: Mentor Student Relationship
[2025-07-01 11:32:44] [TEST] ✅ Mentor Student Relationship - PASS
[2025-07-01 11:32:44] [TEST] Starting test: Data Consistency Across Modules
[2025-07-01 11:32:44] [TEST] ❌ Data Consistency Across Modules - FAIL (Project not found)
[2025-07-01 11:32:44] [TEST] Starting test: Cascading Operations
[2025-07-01 11:32:44] [TEST] ❌ Cascading Operations - FAIL (Project not found)
[2025-07-01 11:32:44] [INFO] Cleaning up test environment...
[2025-07-01 11:32:44] [INFO] Test environment cleaned up
[2025-07-01 11:34:11] [INFO] Initializing test environment...
[2025-07-01 11:34:11] [INFO] Test environment initialized successfully
[2025-07-01 11:34:11] [TEST] Starting test: Database Connection
[2025-07-01 11:34:11] [TEST] ✅ Database Connection - PASS
[2025-07-01 11:34:11] [TEST] Starting test: Table Structure
[2025-07-01 11:34:11] [TEST] ✅ Table Structure - PASS
[2025-07-01 11:34:11] [TEST] Starting test: Foreign Key Constraints
[2025-07-01 11:34:11] [TEST] ❌ Foreign Key Constraints - FAIL (Foreign key constraint students.board_id -> boards should exist)
[2025-07-01 11:34:11] [TEST] Starting test: Unique Constraints
[2025-07-01 11:34:11] [TEST] ❌ Unique Constraints - FAIL (Expected PDOException but got Exception)
[2025-07-01 11:34:11] [TEST] Starting test: Database Triggers
[2025-07-01 11:34:11] [TEST] ❌ Database Triggers - FAIL (Invalid board ID)
[2025-07-01 11:34:11] [TEST] Starting test: Database Indexes
[2025-07-01 11:34:11] [TEST] ✅ Database Indexes - PASS
[2025-07-01 11:34:11] [TEST] Starting test: Data Integrity
[2025-07-01 11:34:11] [TEST] ❌ Data Integrity - FAIL (Expected PDOException but got Exception)
[2025-07-01 11:34:11] [TEST] Starting test: User Creation
[2025-07-01 11:34:11] [TEST] ✅ User Creation - PASS
[2025-07-01 11:34:11] [TEST] Starting test: User Authentication
[2025-07-01 11:34:11] [TEST] ✅ User Authentication - PASS
[2025-07-01 11:34:11] [TEST] Starting test: User Update
[2025-07-01 11:34:11] [TEST] ✅ User Update - PASS
[2025-07-01 11:34:11] [TEST] Starting test: User Validation
[2025-07-01 11:34:12] [TEST] ✅ User Validation - PASS
[2025-07-01 11:34:12] [TEST] Starting test: User Deletion
[2025-07-01 11:34:12] [TEST] ✅ User Deletion - PASS
[2025-07-01 11:34:12] [TEST] Starting test: User Search
[2025-07-01 11:34:12] [TEST] ✅ User Search - PASS
[2025-07-01 11:34:12] [TEST] Starting test: User Roles
[2025-07-01 11:34:12] [TEST] ✅ User Roles - PASS
[2025-07-01 11:34:12] [TEST] Starting test: Student Creation
[2025-07-01 11:34:12] [TEST] ✅ Student Creation - PASS
[2025-07-01 11:34:12] [TEST] Starting test: Student ID Generation
[2025-07-01 11:34:12] [TEST] ✅ Student ID Generation - PASS
[2025-07-01 11:34:12] [TEST] Starting test: Student Update
[2025-07-01 11:34:12] [TEST] ✅ Student Update - PASS
[2025-07-01 11:34:12] [TEST] Starting test: Student Validation
[2025-07-01 11:34:12] [TEST] ✅ Student Validation - PASS
[2025-07-01 11:34:12] [TEST] Starting test: Student Deletion
[2025-07-01 11:34:12] [TEST] ✅ Student Deletion - PASS
[2025-07-01 11:34:12] [TEST] Starting test: Student Search
[2025-07-01 11:34:12] [TEST] ✅ Student Search - PASS
[2025-07-01 11:34:12] [TEST] Starting test: Student Assignments
[2025-07-01 11:34:12] [TEST] ✅ Student Assignments - PASS
[2025-07-01 11:34:12] [TEST] Starting test: Project Creation
[2025-07-01 11:34:12] [TEST] ✅ Project Creation - PASS
[2025-07-01 11:34:12] [TEST] Starting test: Project ID Generation
[2025-07-01 11:34:12] [TEST] ✅ Project ID Generation - PASS
[2025-07-01 11:34:12] [TEST] Starting test: Project Update
[2025-07-01 11:34:12] [TEST] ✅ Project Update - PASS
[2025-07-01 11:34:12] [TEST] Starting test: Project Validation
[2025-07-01 11:34:12] [TEST] ❌ Project Validation - FAIL (Expected PDOException but got Exception)
[2025-07-01 11:34:12] [TEST] Starting test: Project Deletion
[2025-07-01 11:34:12] [TEST] ✅ Project Deletion - PASS
[2025-07-01 11:34:12] [TEST] Starting test: Project Student Assignment
[2025-07-01 11:34:12] [TEST] ✅ Project Student Assignment - PASS
[2025-07-01 11:34:12] [TEST] Starting test: Project Mentor Assignment
[2025-07-01 11:34:12] [INFO] project_mentors table not found, skipping additional mentor test
[2025-07-01 11:34:12] [TEST] ✅ Project Mentor Assignment - PASS
[2025-07-01 11:34:12] [TEST] Starting test: Project Status Management
[2025-07-01 11:34:12] [TEST] ✅ Project Status Management - PASS
[2025-07-01 11:34:12] [TEST] Starting test: Publication Creation
[2025-07-01 11:34:12] [TEST] ✅ Publication Creation - PASS
[2025-07-01 11:34:12] [TEST] Starting test: Create From Project
[2025-07-01 11:34:12] [TEST] ❌ Create From Project - FAIL (Project ID should match. Expected: '12' (type: string, len: 2), Actual: '12' (type: integer, len: N/A))
[2025-07-01 11:34:12] [TEST] Starting test: Duplicate Project Prevention
[2025-07-01 11:34:12] [TEST] ✅ Duplicate Project Prevention - PASS
[2025-07-01 11:34:12] [TEST] Starting test: Publication Update
[2025-07-01 11:34:12] [TEST] ✅ Publication Update - PASS
[2025-07-01 11:34:12] [TEST] Starting test: Student Assignments
[2025-07-01 11:34:12] [TEST] ✅ Student Assignments - PASS
[2025-07-01 11:34:12] [TEST] Starting test: Status Validation
[2025-07-01 11:34:12] [TEST] ✅ Status Validation - PASS
[2025-07-01 11:34:12] [TEST] Starting test: Publication Deletion
[2025-07-01 11:34:12] [TEST] ❌ Publication Deletion - FAIL (Deleted publication should not exist. Value: '')
[2025-07-01 11:34:12] [TEST] Starting test: Statistics Generation
[2025-07-01 11:34:13] [TEST] ✅ Statistics Generation - PASS
[2025-07-01 11:34:13] [TEST] Starting test: Complete Project Workflow
[2025-07-01 11:34:13] [TEST] ❌ Complete Project Workflow - FAIL (Project not found)
[2025-07-01 11:34:13] [TEST] Starting test: Publication Workflow
[2025-07-01 11:34:13] [TEST] ❌ Publication Workflow - FAIL (Project not found)
[2025-07-01 11:34:13] [TEST] Starting test: User Role Permissions
[2025-07-01 11:34:13] [TEST] ❌ User Role Permissions - FAIL (Mentor should be assigned to project. Expected: '20' (type: string, len: 2), Actual: '20' (type: integer, len: N/A))
[2025-07-01 11:34:13] [TEST] Starting test: Student Project Assignment
[2025-07-01 11:34:13] [TEST] ✅ Student Project Assignment - PASS
[2025-07-01 11:34:13] [TEST] Starting test: Mentor Student Relationship
[2025-07-01 11:34:13] [TEST] ✅ Mentor Student Relationship - PASS
[2025-07-01 11:34:13] [TEST] Starting test: Data Consistency Across Modules
[2025-07-01 11:34:14] [TEST] ❌ Data Consistency Across Modules - FAIL (Project not found)
[2025-07-01 11:34:14] [TEST] Starting test: Cascading Operations
[2025-07-01 11:34:14] [TEST] ❌ Cascading Operations - FAIL (Project not found)
[2025-07-01 11:34:14] [INFO] Cleaning up test environment...
[2025-07-01 11:34:14] [INFO] Test environment cleaned up
[2025-07-01 11:35:39] [INFO] Initializing test environment...
[2025-07-01 11:35:39] [INFO] Test environment initialized successfully
[2025-07-01 11:35:39] [TEST] Starting test: Database Connection
[2025-07-01 11:35:39] [TEST] ✅ Database Connection - PASS
[2025-07-01 11:35:39] [TEST] Starting test: Table Structure
[2025-07-01 11:35:39] [TEST] ✅ Table Structure - PASS
[2025-07-01 11:35:39] [TEST] Starting test: Foreign Key Constraints
[2025-07-01 11:35:39] [TEST] ❌ Foreign Key Constraints - FAIL (Foreign key constraint students.board_id -> boards should exist)
[2025-07-01 11:35:39] [TEST] Starting test: Unique Constraints
[2025-07-01 11:35:39] [TEST] ❌ Unique Constraints - FAIL (Expected PDOException but got Exception)
[2025-07-01 11:35:39] [TEST] Starting test: Database Triggers
[2025-07-01 11:35:39] [TEST] ❌ Database Triggers - FAIL (Invalid board ID)
[2025-07-01 11:35:39] [TEST] Starting test: Database Indexes
[2025-07-01 11:35:39] [TEST] ✅ Database Indexes - PASS
[2025-07-01 11:35:39] [TEST] Starting test: Data Integrity
[2025-07-01 11:35:39] [TEST] ❌ Data Integrity - FAIL (Expected PDOException but got Exception)
[2025-07-01 11:35:39] [TEST] Starting test: User Creation
[2025-07-01 11:35:39] [TEST] ✅ User Creation - PASS
[2025-07-01 11:35:39] [TEST] Starting test: User Authentication
[2025-07-01 11:35:39] [TEST] ✅ User Authentication - PASS
[2025-07-01 11:35:39] [TEST] Starting test: User Update
[2025-07-01 11:35:39] [TEST] ✅ User Update - PASS
[2025-07-01 11:35:39] [TEST] Starting test: User Validation
[2025-07-01 11:35:40] [TEST] ✅ User Validation - PASS
[2025-07-01 11:35:40] [TEST] Starting test: User Deletion
[2025-07-01 11:35:40] [TEST] ✅ User Deletion - PASS
[2025-07-01 11:35:40] [TEST] Starting test: User Search
[2025-07-01 11:35:40] [TEST] ✅ User Search - PASS
[2025-07-01 11:35:40] [TEST] Starting test: User Roles
[2025-07-01 11:35:40] [TEST] ✅ User Roles - PASS
[2025-07-01 11:35:40] [TEST] Starting test: Student Creation
[2025-07-01 11:35:40] [TEST] ✅ Student Creation - PASS
[2025-07-01 11:35:40] [TEST] Starting test: Student ID Generation
[2025-07-01 11:35:40] [TEST] ✅ Student ID Generation - PASS
[2025-07-01 11:35:40] [TEST] Starting test: Student Update
[2025-07-01 11:35:40] [TEST] ✅ Student Update - PASS
[2025-07-01 11:35:40] [TEST] Starting test: Student Validation
[2025-07-01 11:35:40] [TEST] ✅ Student Validation - PASS
[2025-07-01 11:35:40] [TEST] Starting test: Student Deletion
[2025-07-01 11:35:40] [TEST] ✅ Student Deletion - PASS
[2025-07-01 11:35:40] [TEST] Starting test: Student Search
[2025-07-01 11:35:40] [TEST] ✅ Student Search - PASS
[2025-07-01 11:35:40] [TEST] Starting test: Student Assignments
[2025-07-01 11:35:40] [TEST] ✅ Student Assignments - PASS
[2025-07-01 11:35:40] [TEST] Starting test: Project Creation
[2025-07-01 11:35:40] [TEST] ✅ Project Creation - PASS
[2025-07-01 11:35:40] [TEST] Starting test: Project ID Generation
[2025-07-01 11:35:40] [TEST] ✅ Project ID Generation - PASS
[2025-07-01 11:35:40] [TEST] Starting test: Project Update
[2025-07-01 11:35:40] [TEST] ✅ Project Update - PASS
[2025-07-01 11:35:40] [TEST] Starting test: Project Validation
[2025-07-01 11:35:40] [TEST] ❌ Project Validation - FAIL (Expected PDOException but got Exception)
[2025-07-01 11:35:40] [TEST] Starting test: Project Deletion
[2025-07-01 11:35:40] [TEST] ✅ Project Deletion - PASS
[2025-07-01 11:35:40] [TEST] Starting test: Project Student Assignment
[2025-07-01 11:35:40] [TEST] ✅ Project Student Assignment - PASS
[2025-07-01 11:35:40] [TEST] Starting test: Project Mentor Assignment
[2025-07-01 11:35:40] [INFO] project_mentors table not found, skipping additional mentor test
[2025-07-01 11:35:40] [TEST] ✅ Project Mentor Assignment - PASS
[2025-07-01 11:35:40] [TEST] Starting test: Project Status Management
[2025-07-01 11:35:40] [TEST] ✅ Project Status Management - PASS
[2025-07-01 11:35:40] [TEST] Starting test: Publication Creation
[2025-07-01 11:35:40] [TEST] ✅ Publication Creation - PASS
[2025-07-01 11:35:40] [TEST] Starting test: Create From Project
[2025-07-01 11:35:40] [TEST] ✅ Create From Project - PASS
[2025-07-01 11:35:40] [TEST] Starting test: Duplicate Project Prevention
[2025-07-01 11:35:40] [TEST] ✅ Duplicate Project Prevention - PASS
[2025-07-01 11:35:40] [TEST] Starting test: Publication Update
[2025-07-01 11:35:40] [TEST] ✅ Publication Update - PASS
[2025-07-01 11:35:40] [TEST] Starting test: Student Assignments
[2025-07-01 11:35:40] [TEST] ✅ Student Assignments - PASS
[2025-07-01 11:35:40] [TEST] Starting test: Status Validation
[2025-07-01 11:35:40] [TEST] ✅ Status Validation - PASS
[2025-07-01 11:35:40] [TEST] Starting test: Publication Deletion
[2025-07-01 11:35:40] [TEST] ✅ Publication Deletion - PASS
[2025-07-01 11:35:40] [TEST] Starting test: Statistics Generation
[2025-07-01 11:35:41] [TEST] ✅ Statistics Generation - PASS
[2025-07-01 11:35:41] [TEST] Starting test: Complete Project Workflow
[2025-07-01 11:35:41] [TEST] ❌ Complete Project Workflow - FAIL (Project not found)
[2025-07-01 11:35:41] [TEST] Starting test: Publication Workflow
[2025-07-01 11:35:41] [TEST] ❌ Publication Workflow - FAIL (Project not found)
[2025-07-01 11:35:41] [TEST] Starting test: User Role Permissions
[2025-07-01 11:35:41] [TEST] ✅ User Role Permissions - PASS
[2025-07-01 11:35:41] [TEST] Starting test: Student Project Assignment
[2025-07-01 11:35:41] [TEST] ✅ Student Project Assignment - PASS
[2025-07-01 11:35:41] [TEST] Starting test: Mentor Student Relationship
[2025-07-01 11:35:42] [TEST] ✅ Mentor Student Relationship - PASS
[2025-07-01 11:35:42] [TEST] Starting test: Data Consistency Across Modules
[2025-07-01 11:35:42] [TEST] ❌ Data Consistency Across Modules - FAIL (Project not found)
[2025-07-01 11:35:42] [TEST] Starting test: Cascading Operations
[2025-07-01 11:35:42] [TEST] ❌ Cascading Operations - FAIL (Project not found)
[2025-07-01 11:35:42] [INFO] Cleaning up test environment...
[2025-07-01 11:35:42] [INFO] Test environment cleaned up
